{"D:\\ta\\maksym\\kondratov_maksym_test_assignment\\styleMock.js": {"path":"D:\\ta\\maksym\\kondratov_maksym_test_assignment\\styleMock.js","statementMap":{"0":{"start":{"line":1,"column":0},"end":{"line":1,"column":20}}},"fnMap":{},"branchMap":{},"s":{"0":3},"f":{},"b":{},"inputSourceMap":null,"_coverageSchema":"1a1c01bbd47fc00a2c39e90264f33305004495a9","hash":"0e0b3fe249154bbffe02092c475b671bf2b9ba14"}
,"D:\\ta\\maksym\\kondratov_maksym_test_assignment\\src\\components\\CurrencyExchange.tsx": {"path":"D:\\ta\\maksym\\kondratov_maksym_test_assignment\\src\\components\\CurrencyExchange.tsx","statementMap":{"0":{"start":{"line":1,"column":0},"end":{"line":1,"column":59}},"1":{"start":{"line":2,"column":0},"end":{"line":2,"column":52}},"2":{"start":{"line":3,"column":0},"end":{"line":3,"column":47}},"3":{"start":{"line":4,"column":0},"end":{"line":4,"column":42}},"4":{"start":{"line":5,"column":0},"end":{"line":5,"column":56}},"5":{"start":{"line":6,"column":0},"end":{"line":6,"column":58}},"6":{"start":{"line":21,"column":35},"end":{"line":210,"column":1}},"7":{"start":{"line":22,"column":46},"end":{"line":22,"column":70}},"8":{"start":{"line":22,"column":23},"end":{"line":22,"column":25}},"9":{"start":{"line":22,"column":42},"end":{"line":22,"column":46}},"10":{"start":{"line":23,"column":42},"end":{"line":23,"column":62}},"11":{"start":{"line":23,"column":21},"end":{"line":23,"column":23}},"12":{"start":{"line":23,"column":38},"end":{"line":23,"column":42}},"13":{"start":{"line":24,"column":38},"end":{"line":24,"column":58}},"14":{"start":{"line":24,"column":19},"end":{"line":24,"column":21}},"15":{"start":{"line":24,"column":34},"end":{"line":24,"column":38}},"16":{"start":{"line":25,"column":42},"end":{"line":25,"column":71}},"17":{"start":{"line":25,"column":21},"end":{"line":25,"column":23}},"18":{"start":{"line":25,"column":38},"end":{"line":25,"column":42}},"19":{"start":{"line":26,"column":30},"end":{"line":26,"column":50}},"20":{"start":{"line":26,"column":15},"end":{"line":26,"column":17}},"21":{"start":{"line":26,"column":26},"end":{"line":26,"column":30}},"22":{"start":{"line":27,"column":40},"end":{"line":27,"column":64}},"23":{"start":{"line":27,"column":20},"end":{"line":27,"column":22}},"24":{"start":{"line":27,"column":36},"end":{"line":27,"column":40}},"25":{"start":{"line":28,"column":32},"end":{"line":28,"column":58}},"26":{"start":{"line":28,"column":16},"end":{"line":28,"column":18}},"27":{"start":{"line":28,"column":28},"end":{"line":28,"column":32}},"28":{"start":{"line":30,"column":44},"end":{"line":34,"column":4}},"29":{"start":{"line":30,"column":22},"end":{"line":30,"column":24}},"30":{"start":{"line":30,"column":40},"end":{"line":30,"column":44}},"31":{"start":{"line":35,"column":19},"end":{"line":35,"column":54}},"32":{"start":{"line":36,"column":19},"end":{"line":36,"column":32}},"33":{"start":{"line":39,"column":31},"end":{"line":54,"column":4}},"34":{"start":{"line":41,"column":23},"end":{"line":41,"column":null}},"35":{"start":{"line":41,"column":12},"end":{"line":41,"column":null}},"36":{"start":{"line":42,"column":19},"end":{"line":42,"column":null}},"37":{"start":{"line":42,"column":12},"end":{"line":42,"column":null}},"38":{"start":{"line":43,"column":12},"end":{"line":48,"column":15}},"39":{"start":{"line":46,"column":10},"end":{"line":46,"column":34}},"40":{"start":{"line":47,"column":10},"end":{"line":47,"column":24}},"41":{"start":{"line":50,"column":6},"end":{"line":50,"column":36}},"42":{"start":{"line":52,"column":6},"end":{"line":52,"column":40}},"43":{"start":{"line":57,"column":28},"end":{"line":67,"column":4}},"44":{"start":{"line":59,"column":23},"end":{"line":61,"column":null}},"45":{"start":{"line":59,"column":12},"end":{"line":61,"column":null}},"46":{"start":{"line":62,"column":19},"end":{"line":62,"column":null}},"47":{"start":{"line":62,"column":12},"end":{"line":62,"column":null}},"48":{"start":{"line":63,"column":6},"end":{"line":63,"column":46}},"49":{"start":{"line":65,"column":6},"end":{"line":65,"column":40}},"50":{"start":{"line":69,"column":2},"end":{"line":75,"column":9}},"51":{"start":{"line":70,"column":4},"end":{"line":70,"column":27}},"52":{"start":{"line":71,"column":25},"end":{"line":71,"column":66}},"53":{"start":{"line":72,"column":4},"end":{"line":74,"column":null}},"54":{"start":{"line":73,"column":6},"end":{"line":73,"column":43}},"55":{"start":{"line":78,"column":2},"end":{"line":80,"column":33}},"56":{"start":{"line":79,"column":4},"end":{"line":79,"column":24}},"57":{"start":{"line":83,"column":2},"end":{"line":90,"column":41}},"58":{"start":{"line":84,"column":4},"end":{"line":86,"column":null}},"59":{"start":{"line":85,"column":6},"end":{"line":85,"column":37}},"60":{"start":{"line":87,"column":4},"end":{"line":89,"column":13}},"61":{"start":{"line":88,"column":6},"end":{"line":88,"column":61}},"62":{"start":{"line":93,"column":29},"end":{"line":100,"column":3}},"63":{"start":{"line":97,"column":18},"end":{"line":97,"column":56}},"64":{"start":{"line":98,"column":4},"end":{"line":98,"column":21}},"65":{"start":{"line":99,"column":4},"end":{"line":99,"column":25}},"66":{"start":{"line":103,"column":22},"end":{"line":104,"column":14}},"67":{"start":{"line":104,"column":4},"end":{"line":104,"column":45}},"68":{"start":{"line":108,"column":4},"end":{"line":112,"column":11}},"69":{"start":{"line":114,"column":4},"end":{"line":118,"column":11}},"70":{"start":{"line":121,"column":2},"end":{"line":139,"column":36}},"71":{"start":{"line":122,"column":4},"end":{"line":138,"column":null}},"72":{"start":{"line":128,"column":37},"end":{"line":133,"column":8}},"73":{"start":{"line":135,"column":26},"end":{"line":135,"column":65}},"74":{"start":{"line":136,"column":6},"end":{"line":136,"column":33}},"75":{"start":{"line":137,"column":6},"end":{"line":137,"column":80}},"76":{"start":{"line":141,"column":2},"end":{"line":209,"column":4}},"77":{"start":{"line":168,"column":29},"end":{"line":168,"column":null}},"78":{"start":{"line":176,"column":29},"end":{"line":176,"column":null}},"79":{"start":{"line":186,"column":29},"end":{"line":186,"column":null}},"80":{"start":{"line":194,"column":29},"end":{"line":194,"column":null}},"81":{"start":{"line":204,"column":23},"end":{"line":204,"column":null}},"82":{"start":{"line":212,"column":0},"end":{"line":212,"column":32}}},"fnMap":{"0":{"name":"(anonymous_17)","decl":{"start":{"line":21,"column":35},"end":{"line":21,"column":null}},"loc":{"start":{"line":21,"column":35},"end":{"line":210,"column":1}}},"1":{"name":"(anonymous_18)","decl":{"start":{"line":39,"column":31},"end":{"line":39,"column":null}},"loc":{"start":{"line":39,"column":31},"end":{"line":54,"column":4}}},"2":{"name":"(anonymous_21)","decl":{"start":{"line":45,"column":16},"end":{"line":45,"column":17}},"loc":{"start":{"line":45,"column":55},"end":{"line":48,"column":9}}},"3":{"name":"(anonymous_22)","decl":{"start":{"line":57,"column":28},"end":{"line":57,"column":null}},"loc":{"start":{"line":57,"column":28},"end":{"line":67,"column":4}}},"4":{"name":"(anonymous_25)","decl":{"start":{"line":69,"column":12},"end":{"line":69,"column":null}},"loc":{"start":{"line":69,"column":12},"end":{"line":75,"column":3}}},"5":{"name":"(anonymous_26)","decl":{"start":{"line":78,"column":12},"end":{"line":78,"column":null}},"loc":{"start":{"line":78,"column":12},"end":{"line":80,"column":3}}},"6":{"name":"(anonymous_27)","decl":{"start":{"line":83,"column":12},"end":{"line":83,"column":null}},"loc":{"start":{"line":83,"column":12},"end":{"line":90,"column":3}}},"7":{"name":"(anonymous_28)","decl":{"start":{"line":87,"column":34},"end":{"line":87,"column":null}},"loc":{"start":{"line":87,"column":34},"end":{"line":89,"column":5}}},"8":{"name":"(anonymous_29)","decl":{"start":{"line":93,"column":29},"end":{"line":93,"column":null}},"loc":{"start":{"line":95,"column":23},"end":{"line":100,"column":3}}},"9":{"name":"(anonymous_30)","decl":{"start":{"line":103,"column":22},"end":{"line":103,"column":23}},"loc":{"start":{"line":103,"column":36},"end":{"line":104,"column":14}}},"10":{"name":"(anonymous_31)","decl":{"start":{"line":121,"column":12},"end":{"line":121,"column":null}},"loc":{"start":{"line":121,"column":12},"end":{"line":139,"column":3}}},"11":{"name":"(anonymous_32)","decl":{"start":{"line":168,"column":22},"end":{"line":168,"column":23}},"loc":{"start":{"line":168,"column":24},"end":{"line":168,"column":47}}},"12":{"name":"(anonymous_33)","decl":{"start":{"line":176,"column":22},"end":{"line":176,"column":23}},"loc":{"start":{"line":176,"column":24},"end":{"line":176,"column":44}}},"13":{"name":"(anonymous_34)","decl":{"start":{"line":186,"column":22},"end":{"line":186,"column":23}},"loc":{"start":{"line":186,"column":24},"end":{"line":186,"column":47}}},"14":{"name":"(anonymous_35)","decl":{"start":{"line":194,"column":22},"end":{"line":194,"column":23}},"loc":{"start":{"line":194,"column":24},"end":{"line":194,"column":42}}},"15":{"name":"(anonymous_36)","decl":{"start":{"line":204,"column":17},"end":{"line":204,"column":23}},"loc":{"start":{"line":204,"column":17},"end":{"line":204,"column":31}}}},"branchMap":{"0":{"loc":{"start":{"line":72,"column":4},"end":{"line":74,"column":null}},"type":"if","locations":[{"start":{"line":72,"column":4},"end":{"line":74,"column":null}}]},"1":{"loc":{"start":{"line":84,"column":4},"end":{"line":86,"column":null}},"type":"if","locations":[{"start":{"line":84,"column":4},"end":{"line":86,"column":null}}]},"2":{"loc":{"start":{"line":104,"column":4},"end":{"line":104,"column":44}},"type":"binary-expr","locations":[{"start":{"line":104,"column":4},"end":{"line":104,"column":39}},{"start":{"line":104,"column":43},"end":{"line":104,"column":44}}]},"3":{"loc":{"start":{"line":108,"column":4},"end":{"line":112,"column":11}},"type":"cond-expr","locations":[{"start":{"line":109,"column":8},"end":{"line":109,"column":14}},{"start":{"line":110,"column":8},"end":{"line":112,"column":11}}]},"4":{"loc":{"start":{"line":110,"column":8},"end":{"line":112,"column":11}},"type":"cond-expr","locations":[{"start":{"line":111,"column":8},"end":{"line":111,"column":73}},{"start":{"line":112,"column":8},"end":{"line":112,"column":11}}]},"5":{"loc":{"start":{"line":114,"column":4},"end":{"line":118,"column":11}},"type":"cond-expr","locations":[{"start":{"line":115,"column":8},"end":{"line":115,"column":14}},{"start":{"line":116,"column":8},"end":{"line":118,"column":11}}]},"6":{"loc":{"start":{"line":116,"column":8},"end":{"line":118,"column":11}},"type":"cond-expr","locations":[{"start":{"line":117,"column":8},"end":{"line":117,"column":73}},{"start":{"line":118,"column":8},"end":{"line":118,"column":11}}]},"7":{"loc":{"start":{"line":122,"column":4},"end":{"line":138,"column":null}},"type":"if","locations":[{"start":{"line":122,"column":4},"end":{"line":138,"column":null}}]},"8":{"loc":{"start":{"line":123,"column":6},"end":{"line":126,"column":45}},"type":"binary-expr","locations":[{"start":{"line":123,"column":6},"end":{"line":123,"column":18}},{"start":{"line":124,"column":6},"end":{"line":124,"column":26}},{"start":{"line":125,"column":6},"end":{"line":125,"column":49}},{"start":{"line":126,"column":6},"end":{"line":126,"column":45}}]},"9":{"loc":{"start":{"line":149,"column":10},"end":{"line":151,"column":15}},"type":"cond-expr","locations":[{"start":{"line":150,"column":14},"end":{"line":150,"column":46}},{"start":{"line":151,"column":14},"end":{"line":151,"column":15}}]},"10":{"loc":{"start":{"line":154,"column":10},"end":{"line":156,"column":15}},"type":"cond-expr","locations":[{"start":{"line":155,"column":14},"end":{"line":155,"column":44}},{"start":{"line":156,"column":14},"end":{"line":156,"column":15}}]},"11":{"loc":{"start":{"line":167,"column":19},"end":{"line":167,"column":72}},"type":"cond-expr","locations":[{"start":{"line":167,"column":44},"end":{"line":167,"column":50}},{"start":{"line":167,"column":53},"end":{"line":167,"column":72}}]},"12":{"loc":{"start":{"line":185,"column":19},"end":{"line":185,"column":68}},"type":"cond-expr","locations":[{"start":{"line":185,"column":42},"end":{"line":185,"column":48}},{"start":{"line":185,"column":51},"end":{"line":185,"column":68}}]}},"s":{"0":2,"1":2,"2":2,"3":2,"4":2,"5":2,"6":2,"7":4,"8":4,"9":4,"10":4,"11":4,"12":4,"13":4,"14":4,"15":4,"16":4,"17":4,"18":4,"19":4,"20":4,"21":4,"22":4,"23":4,"24":4,"25":4,"26":4,"27":4,"28":4,"29":4,"30":4,"31":4,"32":4,"33":7,"34":3,"35":0,"36":0,"37":0,"38":0,"39":0,"40":0,"41":0,"42":3,"43":7,"44":3,"45":0,"46":0,"47":0,"48":0,"49":3,"50":4,"51":3,"52":3,"53":3,"54":0,"55":4,"56":3,"57":4,"58":4,"59":1,"60":4,"61":0,"62":4,"63":1,"64":1,"65":1,"66":4,"67":16,"68":4,"69":4,"70":4,"71":3,"72":0,"73":0,"74":0,"75":0,"76":4,"77":1,"78":0,"79":0,"80":0,"81":0,"82":2},"f":{"0":4,"1":6,"2":0,"3":6,"4":3,"5":3,"6":4,"7":0,"8":1,"9":16,"10":3,"11":1,"12":0,"13":0,"14":0,"15":0},"b":{"0":[0],"1":[1],"2":[16,14],"3":[4,0],"4":[0,0],"5":[0,4],"6":[0,4],"7":[0],"8":[3,0,0,0],"9":[4,0],"10":[4,0],"11":[4,0],"12":[0,4]}}
,"D:\\ta\\maksym\\kondratov_maksym_test_assignment\\src\\components\\CurrencyInput.tsx": {"path":"D:\\ta\\maksym\\kondratov_maksym_test_assignment\\src\\components\\CurrencyInput.tsx","statementMap":{"0":{"start":{"line":2,"column":0},"end":{"line":2,"column":42}},"1":{"start":{"line":13,"column":52},"end":{"line":27,"column":1}},"2":{"start":{"line":14,"column":7},"end":{"line":14,"column":null}},"3":{"start":{"line":15,"column":7},"end":{"line":15,"column":null}},"4":{"start":{"line":16,"column":10},"end":{"line":16,"column":null}},"5":{"start":{"line":18,"column":2},"end":{"line":26,"column":4}},"6":{"start":{"line":29,"column":0},"end":{"line":29,"column":29}}},"fnMap":{"0":{"name":"(anonymous_0)","decl":{"start":{"line":13,"column":52},"end":{"line":13,"column":53}},"loc":{"start":{"line":17,"column":1},"end":{"line":27,"column":1}}}},"branchMap":{},"s":{"0":3,"1":3,"2":9,"3":9,"4":9,"5":9,"6":3},"f":{"0":9},"b":{}}
,"D:\\ta\\maksym\\kondratov_maksym_test_assignment\\src\\components\\CurrencySelect.tsx": {"path":"D:\\ta\\maksym\\kondratov_maksym_test_assignment\\src\\components\\CurrencySelect.tsx","statementMap":{"0":{"start":{"line":2,"column":0},"end":{"line":2,"column":52}},"1":{"start":{"line":13,"column":54},"end":{"line":31,"column":1}},"2":{"start":{"line":14,"column":7},"end":{"line":14,"column":null}},"3":{"start":{"line":15,"column":7},"end":{"line":15,"column":null}},"4":{"start":{"line":16,"column":10},"end":{"line":16,"column":null}},"5":{"start":{"line":17,"column":12},"end":{"line":17,"column":null}},"6":{"start":{"line":18,"column":16},"end":{"line":18,"column":null}},"7":{"start":{"line":20,"column":2},"end":{"line":30,"column":4}},"8":{"start":{"line":23,"column":22},"end":{"line":23,"column":23}},"9":{"start":{"line":23,"column":28},"end":{"line":23,"column":52}},"10":{"start":{"line":24,"column":19},"end":{"line":24,"column":21}},"11":{"start":{"line":24,"column":29},"end":{"line":24,"column":30}},"12":{"start":{"line":24,"column":35},"end":{"line":28,"column":10}},"13":{"start":{"line":33,"column":0},"end":{"line":33,"column":30}}},"fnMap":{"0":{"name":"(anonymous_2)","decl":{"start":{"line":13,"column":54},"end":{"line":13,"column":55}},"loc":{"start":{"line":19,"column":1},"end":{"line":31,"column":1}}},"1":{"name":"(anonymous_3)","decl":{"start":{"line":23,"column":16},"end":{"line":23,"column":17}},"loc":{"start":{"line":23,"column":23},"end":{"line":23,"column":32}}},"2":{"name":"(anonymous_4)","decl":{"start":{"line":24,"column":13},"end":{"line":24,"column":14}},"loc":{"start":{"line":24,"column":30},"end":{"line":24,"column":null}}}},"branchMap":{},"s":{"0":3,"1":3,"2":9,"3":9,"4":9,"5":9,"6":9,"7":9,"8":3,"9":3,"10":3,"11":3,"12":3,"13":3},"f":{"0":9,"1":3,"2":3},"b":{}}
,"D:\\ta\\maksym\\kondratov_maksym_test_assignment\\src\\components\\Header.tsx": {"path":"D:\\ta\\maksym\\kondratov_maksym_test_assignment\\src\\components\\Header.tsx","statementMap":{"0":{"start":{"line":2,"column":0},"end":{"line":2,"column":48}},"1":{"start":{"line":13,"column":38},"end":{"line":52,"column":1}},"2":{"start":{"line":14,"column":12},"end":{"line":14,"column":null}},"3":{"start":{"line":15,"column":14},"end":{"line":15,"column":null}},"4":{"start":{"line":16,"column":12},"end":{"line":16,"column":null}},"5":{"start":{"line":17,"column":13},"end":{"line":17,"column":null}},"6":{"start":{"line":18,"column":10},"end":{"line":18,"column":null}},"7":{"start":{"line":20,"column":2},"end":{"line":51,"column":4}},"8":{"start":{"line":54,"column":0},"end":{"line":54,"column":22}}},"fnMap":{"0":{"name":"(anonymous_2)","decl":{"start":{"line":13,"column":38},"end":{"line":13,"column":39}},"loc":{"start":{"line":19,"column":1},"end":{"line":52,"column":1}}}},"branchMap":{"0":{"loc":{"start":{"line":25,"column":11},"end":{"line":34,"column":null}},"type":"cond-expr","locations":[{"start":{"line":26,"column":12},"end":{"line":29,"column":null}},{"start":{"line":32,"column":12},"end":{"line":33,"column":null}}]},"1":{"loc":{"start":{"line":28,"column":15},"end":{"line":28,"column":66}},"type":"cond-expr","locations":[{"start":{"line":28,"column":36},"end":{"line":28,"column":57}},{"start":{"line":28,"column":60},"end":{"line":28,"column":66}}]},"2":{"loc":{"start":{"line":33,"column":15},"end":{"line":33,"column":62}},"type":"cond-expr","locations":[{"start":{"line":33,"column":34},"end":{"line":33,"column":53}},{"start":{"line":33,"column":56},"end":{"line":33,"column":62}}]},"3":{"loc":{"start":{"line":38,"column":11},"end":{"line":46,"column":null}},"type":"cond-expr","locations":[{"start":{"line":39,"column":12},"end":{"line":40,"column":null}},{"start":{"line":43,"column":12},"end":{"line":45,"column":null}}]},"4":{"loc":{"start":{"line":40,"column":15},"end":{"line":40,"column":62}},"type":"cond-expr","locations":[{"start":{"line":40,"column":34},"end":{"line":40,"column":53}},{"start":{"line":40,"column":56},"end":{"line":40,"column":62}}]},"5":{"loc":{"start":{"line":44,"column":15},"end":{"line":44,"column":66}},"type":"cond-expr","locations":[{"start":{"line":44,"column":36},"end":{"line":44,"column":57}},{"start":{"line":44,"column":60},"end":{"line":44,"column":66}}]}},"s":{"0":3,"1":3,"2":8,"3":8,"4":8,"5":8,"6":8,"7":8,"8":3},"f":{"0":8},"b":{"0":[6,2],"1":[5,1],"2":[1,1],"3":[6,2],"4":[6,0],"5":[2,0]}}
,"D:\\ta\\maksym\\kondratov_maksym_test_assignment\\src\\pages\\CurrencyExchangePage.tsx": {"path":"D:\\ta\\maksym\\kondratov_maksym_test_assignment\\src\\pages\\CurrencyExchangePage.tsx","statementMap":{"0":{"start":{"line":2,"column":0},"end":{"line":2,"column":63}},"1":{"start":{"line":3,"column":0},"end":{"line":3,"column":62}},"2":{"start":{"line":5,"column":39},"end":{"line":14,"column":1}},"3":{"start":{"line":6,"column":2},"end":{"line":13,"column":4}},"4":{"start":{"line":16,"column":0},"end":{"line":16,"column":36}}},"fnMap":{"0":{"name":"(anonymous_3)","decl":{"start":{"line":5,"column":39},"end":{"line":5,"column":null}},"loc":{"start":{"line":5,"column":39},"end":{"line":14,"column":1}}}},"branchMap":{},"s":{"0":2,"1":2,"2":2,"3":2,"4":2},"f":{"0":2},"b":{}}
,"D:\\ta\\maksym\\kondratov_maksym_test_assignment\\src\\pages\\HistoryPage.tsx": {"path":"D:\\ta\\maksym\\kondratov_maksym_test_assignment\\src\\pages\\HistoryPage.tsx","statementMap":{"0":{"start":{"line":1,"column":0},"end":{"line":1,"column":51}},"1":{"start":{"line":2,"column":0},"end":{"line":2,"column":null}},"2":{"start":{"line":10,"column":0},"end":{"line":10,"column":47}},"3":{"start":{"line":11,"column":0},"end":{"line":11,"column":54}},"4":{"start":{"line":21,"column":30},"end":{"line":74,"column":1}},"5":{"start":{"line":22,"column":32},"end":{"line":22,"column":58}},"6":{"start":{"line":22,"column":16},"end":{"line":22,"column":18}},"7":{"start":{"line":22,"column":28},"end":{"line":22,"column":32}},"8":{"start":{"line":23,"column":19},"end":{"line":23,"column":32}},"9":{"start":{"line":26,"column":2},"end":{"line":31,"column":9}},"10":{"start":{"line":27,"column":25},"end":{"line":27,"column":66}},"11":{"start":{"line":28,"column":4},"end":{"line":30,"column":null}},"12":{"start":{"line":29,"column":6},"end":{"line":29,"column":43}},"13":{"start":{"line":33,"column":23},"end":{"line":36,"column":3}},"14":{"start":{"line":34,"column":4},"end":{"line":34,"column":49}},"15":{"start":{"line":35,"column":4},"end":{"line":35,"column":19}},"16":{"start":{"line":38,"column":2},"end":{"line":73,"column":4}},"17":{"start":{"line":45,"column":46},"end":{"line":53,"column":12}},"18":{"start":{"line":67,"column":25},"end":{"line":67,"column":null}},"19":{"start":{"line":76,"column":0},"end":{"line":76,"column":27}}},"fnMap":{"0":{"name":"(anonymous_3)","decl":{"start":{"line":21,"column":30},"end":{"line":21,"column":null}},"loc":{"start":{"line":21,"column":30},"end":{"line":74,"column":1}}},"1":{"name":"(anonymous_4)","decl":{"start":{"line":26,"column":12},"end":{"line":26,"column":null}},"loc":{"start":{"line":26,"column":12},"end":{"line":31,"column":3}}},"2":{"name":"(anonymous_5)","decl":{"start":{"line":33,"column":23},"end":{"line":33,"column":null}},"loc":{"start":{"line":33,"column":23},"end":{"line":36,"column":3}}},"3":{"name":"(anonymous_6)","decl":{"start":{"line":45,"column":23},"end":{"line":45,"column":24}},"loc":{"start":{"line":45,"column":41},"end":{"line":45,"column":null}}},"4":{"name":"(anonymous_7)","decl":{"start":{"line":67,"column":19},"end":{"line":67,"column":25}},"loc":{"start":{"line":67,"column":19},"end":{"line":67,"column":33}}}},"branchMap":{"0":{"loc":{"start":{"line":28,"column":4},"end":{"line":30,"column":null}},"type":"if","locations":[{"start":{"line":28,"column":4},"end":{"line":30,"column":null}}]}},"s":{"0":1,"1":1,"2":1,"3":1,"4":1,"5":3,"6":3,"7":3,"8":3,"9":3,"10":2,"11":2,"12":0,"13":3,"14":1,"15":1,"16":3,"17":0,"18":0,"19":1},"f":{"0":3,"1":2,"2":1,"3":0,"4":0},"b":{"0":[0]}}
}
