TN:
SF:styleMock.js
FNF:0
FNH:0
DA:1,3
LF:1
LH:1
BRF:0
BRH:0
end_of_record
TN:
SF:src\components\CurrencyExchange.tsx
FN:21,(anonymous_17)
FN:39,(anonymous_18)
FN:45,(anonymous_21)
FN:57,(anonymous_22)
FN:69,(anonymous_25)
FN:78,(anonymous_26)
FN:83,(anonymous_27)
FN:87,(anonymous_28)
FN:93,(anonymous_29)
FN:103,(anonymous_30)
FN:121,(anonymous_31)
FN:168,(anonymous_32)
FN:176,(anonymous_33)
FN:186,(anonymous_34)
FN:194,(anonymous_35)
FN:204,(anonymous_36)
FNF:16
FNH:10
FNDA:4,(anonymous_17)
FNDA:6,(anonymous_18)
FNDA:0,(anonymous_21)
FNDA:6,(anonymous_22)
FNDA:3,(anonymous_25)
FNDA:3,(anonymous_26)
FNDA:4,(anonymous_27)
FNDA:0,(anonymous_28)
FNDA:1,(anonymous_29)
FNDA:16,(anonymous_30)
FNDA:3,(anonymous_31)
FNDA:1,(anonymous_32)
FNDA:0,(anonymous_33)
FNDA:0,(anonymous_34)
FNDA:0,(anonymous_35)
FNDA:0,(anonymous_36)
DA:1,2
DA:2,2
DA:3,2
DA:4,2
DA:5,2
DA:6,2
DA:21,2
DA:22,4
DA:23,4
DA:24,4
DA:25,4
DA:26,4
DA:27,4
DA:28,4
DA:30,4
DA:35,4
DA:36,4
DA:39,7
DA:41,3
DA:42,0
DA:43,0
DA:46,0
DA:47,0
DA:50,0
DA:52,3
DA:57,7
DA:59,3
DA:62,0
DA:63,0
DA:65,3
DA:69,4
DA:70,3
DA:71,3
DA:72,3
DA:73,0
DA:78,4
DA:79,3
DA:83,4
DA:84,4
DA:85,1
DA:87,4
DA:88,0
DA:93,4
DA:97,1
DA:98,1
DA:99,1
DA:103,4
DA:104,16
DA:108,4
DA:114,4
DA:121,4
DA:122,3
DA:128,0
DA:135,0
DA:136,0
DA:137,0
DA:141,4
DA:168,1
DA:176,0
DA:186,0
DA:194,0
DA:204,0
DA:212,2
LF:63
LH:46
BRDA:72,0,0,0
BRDA:84,1,0,1
BRDA:104,2,0,16
BRDA:104,2,1,14
BRDA:108,3,0,4
BRDA:108,3,1,0
BRDA:110,4,0,0
BRDA:110,4,1,0
BRDA:114,5,0,0
BRDA:114,5,1,4
BRDA:116,6,0,0
BRDA:116,6,1,4
BRDA:122,7,0,0
BRDA:123,8,0,3
BRDA:123,8,1,0
BRDA:123,8,2,0
BRDA:123,8,3,0
BRDA:149,9,0,4
BRDA:149,9,1,0
BRDA:154,10,0,4
BRDA:154,10,1,0
BRDA:167,11,0,4
BRDA:167,11,1,0
BRDA:185,12,0,0
BRDA:185,12,1,4
BRF:25
BRH:11
end_of_record
TN:
SF:src\components\CurrencyInput.tsx
FN:13,(anonymous_0)
FNF:1
FNH:1
FNDA:9,(anonymous_0)
DA:2,3
DA:13,3
DA:14,9
DA:15,9
DA:16,9
DA:18,9
DA:29,3
LF:7
LH:7
BRF:0
BRH:0
end_of_record
TN:
SF:src\components\CurrencySelect.tsx
FN:13,(anonymous_2)
FN:23,(anonymous_3)
FN:24,(anonymous_4)
FNF:3
FNH:3
FNDA:9,(anonymous_2)
FNDA:3,(anonymous_3)
FNDA:3,(anonymous_4)
DA:2,3
DA:13,3
DA:14,9
DA:15,9
DA:16,9
DA:17,9
DA:18,9
DA:20,9
DA:23,3
DA:24,3
DA:33,3
LF:11
LH:11
BRF:0
BRH:0
end_of_record
TN:
SF:src\components\Header.tsx
FN:13,(anonymous_2)
FNF:1
FNH:1
FNDA:8,(anonymous_2)
DA:2,3
DA:13,3
DA:14,8
DA:15,8
DA:16,8
DA:17,8
DA:18,8
DA:20,8
DA:54,3
LF:9
LH:9
BRDA:25,0,0,6
BRDA:25,0,1,2
BRDA:28,1,0,5
BRDA:28,1,1,1
BRDA:33,2,0,1
BRDA:33,2,1,1
BRDA:38,3,0,6
BRDA:38,3,1,2
BRDA:40,4,0,6
BRDA:40,4,1,0
BRDA:44,5,0,2
BRDA:44,5,1,0
BRF:12
BRH:10
end_of_record
TN:
SF:src\pages\CurrencyExchangePage.tsx
FN:5,(anonymous_3)
FNF:1
FNH:1
FNDA:2,(anonymous_3)
DA:2,2
DA:3,2
DA:5,2
DA:6,2
DA:16,2
LF:5
LH:5
BRF:0
BRH:0
end_of_record
TN:
SF:src\pages\HistoryPage.tsx
FN:21,(anonymous_3)
FN:26,(anonymous_4)
FN:33,(anonymous_5)
FN:45,(anonymous_6)
FN:67,(anonymous_7)
FNF:5
FNH:3
FNDA:3,(anonymous_3)
FNDA:2,(anonymous_4)
FNDA:1,(anonymous_5)
FNDA:0,(anonymous_6)
FNDA:0,(anonymous_7)
DA:1,1
DA:2,1
DA:10,1
DA:11,1
DA:21,1
DA:22,3
DA:23,3
DA:26,3
DA:27,2
DA:28,2
DA:29,0
DA:33,3
DA:34,1
DA:35,1
DA:38,3
DA:45,0
DA:67,0
DA:76,1
LF:18
LH:15
BRDA:28,0,0,0
BRF:1
BRH:0
end_of_record
